<?xml version="1.0" encoding="UTF-8"?>
<!-- Generated by org.testng.reporters.JUnitXMLReporter -->
<testsuite ignored="0" hostname="LAPTOP-VGL54L2C" failures="0" tests="5" name="Test" time="0.041" errors="0" timestamp="2024-07-27T13:30:10 IST">
  <testcase classname="com.Testngtutorial.java.TestNGLearning" name="b_test" time="0.005"/>
  <testcase classname="com.Testngtutorial.java.TestNGLearning" name="c_test" time="0.0"/>
  <testcase classname="com.Testngtutorial.java.TestNGLearning" name="a_test" time="0.001"/>
  <testcase classname="com.Testngtutorial.java.SuitelevelExecution" name="D_test" time="0.0"/>
  <testcase classname="com.Testngtutorial.java.SuitelevelExecution" name="E_test" time="0.001"/>
</testsuite> <!-- Test -->
